<?xml version="1.0" encoding="UTF-8"?>
<!-- Generated by org.testng.reporters.JUnitReportReporter -->
<testsuite skipped="0" hostname="LAPTOP-5OBDF52I" name="demo.LinkedinValidationsMultipleAnnotations" tests="4" failures="0" timestamp="26 Dec 2018 17:30:15 GMT" time="0.166" errors="0">
  <testcase name="verifyText" time="0.056" classname="demo.LinkedinValidationsMultipleAnnotations"/>
  <testcase name="verifySinInBtnVisibility" time="0.065" classname="demo.LinkedinValidationsMultipleAnnotations"/>
  <testcase name="verifySingInBtnEnable" time="0.036" classname="demo.LinkedinValidationsMultipleAnnotations"/>
  <testcase name="verifyTitle" time="0.009" classname="demo.LinkedinValidationsMultipleAnnotations"/>
</testsuite> <!-- demo.LinkedinValidationsMultipleAnnotations -->
