<?xml version="1.0" encoding="UTF-8"?>
<!-- Generated by org.testng.reporters.JUnitReportReporter -->
<testsuite skipped="0" hostname="LAPTOP-5OBDF52I" name="demo.VerifyTitle" tests="1" failures="0" timestamp="26 Dec 2018 17:29:45 GMT" time="0.024" errors="0">
  <testcase name="titleVerification" time="0.024" classname="demo.VerifyTitle"/>
</testsuite> <!-- demo.VerifyTitle -->
